{
  "/Users/bibka/FinDash/src/utils/sum.cjs": {
    "path": "/Users/bibka/FinDash/src/utils/sum.cjs",
    "statementMap": {
      "0": {
        "start": { "line": 2, "column": 2 },
        "end": { "line": 2, "column": 15 }
      },
      "1": {
        "start": { "line": 5, "column": 0 },
        "end": { "line": 5, "column": 25 }
      }
    },
    "fnMap": {
      "0": {
        "name": "sum",
        "decl": {
          "start": { "line": 1, "column": 9 },
          "end": { "line": 1, "column": 12 }
        },
        "loc": {
          "start": { "line": 1, "column": 19 },
          "end": { "line": 3, "column": 1 }
        },
        "line": 1
      }
    },
    "branchMap": {},
    "s": { "0": 1, "1": 1 },
    "f": { "0": 1 },
    "b": {},
    "inputSourceMap": null,
    "_coverageSchema": "1a1c01bbd47fc00a2c39e90264f33305004495a9",
    "hash": "898f29c80d8cd1053b2c2d3ada7966a96d0b8fc1"
  }
}
